2025-10-21T01:18:05.771+09:00  INFO 2924 --- [restartedMain] d.t.h.HotelReservationApplication        : Starting HotelReservationApplication using Java 21.0.8 with PID 2924 (C:\Users\PC\IdeaProjects\HotelReservation-Backend\target\classes started by PC in C:\Users\PC\IdeaProjects\HotelReservation-Backend)
2025-10-21T01:18:05.773+09:00  INFO 2924 --- [restartedMain] d.t.h.HotelReservationApplication        : No active profile set, falling back to 1 default profile: "default"
2025-10-21T01:18:05.821+09:00  INFO 2924 --- [restartedMain] .e.DevToolsPropertyDefaultsPostProcessor : Devtools property defaults active! Set 'spring.devtools.add-properties' to 'false' to disable
2025-10-21T01:18:05.821+09:00  INFO 2924 --- [restartedMain] .e.DevToolsPropertyDefaultsPostProcessor : For additional web related logging consider setting the 'logging.level.web' property to 'DEBUG'
2025-10-21T01:18:06.801+09:00  INFO 2924 --- [restartedMain] .s.d.r.c.RepositoryConfigurationDelegate : Multiple Spring Data modules found, entering strict repository configuration mode
2025-10-21T01:18:06.803+09:00  INFO 2924 --- [restartedMain] .s.d.r.c.RepositoryConfigurationDelegate : Bootstrapping Spring Data JPA repositories in DEFAULT mode.
2025-10-21T01:18:06.994+09:00  INFO 2924 --- [restartedMain] .s.d.r.c.RepositoryConfigurationDelegate : Finished Spring Data repository scanning in 181 ms. Found 33 JPA repository interfaces.
2025-10-21T01:18:07.009+09:00  INFO 2924 --- [restartedMain] .s.d.r.c.RepositoryConfigurationDelegate : Multiple Spring Data modules found, entering strict repository configuration mode
2025-10-21T01:18:07.010+09:00  INFO 2924 --- [restartedMain] .s.d.r.c.RepositoryConfigurationDelegate : Bootstrapping Spring Data Redis repositories in DEFAULT mode.
2025-10-21T01:18:07.040+09:00  INFO 2924 --- [restartedMain] .RepositoryConfigurationExtensionSupport : Spring Data Redis - Could not safely identify store assignment for repository candidate interface daewoo.team5.hotelreservation.domain.auth.repository.UserFcmRepository; If you want this repository to be a Redis repository, consider annotating your entities with one of these annotations: org.springframework.data.redis.core.RedisHash (preferred), or consider extending one of the following types with your repository: org.springframework.data.keyvalue.repository.KeyValueRepository
2025-10-21T01:18:07.041+09:00  INFO 2924 --- [restartedMain] .RepositoryConfigurationExtensionSupport : Spring Data Redis - Could not safely identify store assignment for repository candidate interface daewoo.team5.hotelreservation.domain.coupon.repository.CouponHistoryRepository; If you want this repository to be a Redis repository, consider annotating your entities with one of these annotations: org.springframework.data.redis.core.RedisHash (preferred), or consider extending one of the following types with your repository: org.springframework.data.keyvalue.repository.KeyValueRepository
2025-10-21T01:18:07.041+09:00  INFO 2924 --- [restartedMain] .RepositoryConfigurationExtensionSupport : Spring Data Redis - Could not safely identify store assignment for repository candidate interface daewoo.team5.hotelreservation.domain.coupon.repository.CouponRepository; If you want this repository to be a Redis repository, consider annotating your entities with one of these annotations: org.springframework.data.redis.core.RedisHash (preferred), or consider extending one of the following types with your repository: org.springframework.data.keyvalue.repository.KeyValueRepository
2025-10-21T01:18:07.042+09:00  INFO 2924 --- [restartedMain] .RepositoryConfigurationExtensionSupport : Spring Data Redis - Could not safely identify store assignment for repository candidate interface daewoo.team5.hotelreservation.domain.coupon.repository.UserCouponRepository; If you want this repository to be a Redis repository, consider annotating your entities with one of these annotations: org.springframework.data.redis.core.RedisHash (preferred), or consider extending one of the following types with your repository: org.springframework.data.keyvalue.repository.KeyValueRepository
2025-10-21T01:18:07.042+09:00  INFO 2924 --- [restartedMain] .RepositoryConfigurationExtensionSupport : Spring Data Redis - Could not safely identify store assignment for repository candidate interface daewoo.team5.hotelreservation.domain.discount.repository.DiscountHistoryRepository; If you want this repository to be a Redis repository, consider annotating your entities with one of these annotations: org.springframework.data.redis.core.RedisHash (preferred), or consider extending one of the following types with your repository: org.springframework.data.keyvalue.repository.KeyValueRepository
2025-10-21T01:18:07.043+09:00  INFO 2924 --- [restartedMain] .RepositoryConfigurationExtensionSupport : Spring Data Redis - Could not safely identify store assignment for repository candidate interface daewoo.team5.hotelreservation.domain.discount.repository.DiscountRepository; If you want this repository to be a Redis repository, consider annotating your entities with one of these annotations: org.springframework.data.redis.core.RedisHash (preferred), or consider extending one of the following types with your repository: org.springframework.data.keyvalue.repository.KeyValueRepository
2025-10-21T01:18:07.043+09:00  INFO 2924 --- [restartedMain] .RepositoryConfigurationExtensionSupport : Spring Data Redis - Could not safely identify store assignment for repository candidate interface daewoo.team5.hotelreservation.domain.discount.repository.ReservationDiscountHistoryRepository; If you want this repository to be a Redis repository, consider annotating your entities with one of these annotations: org.springframework.data.redis.core.RedisHash (preferred), or consider extending one of the following types with your repository: org.springframework.data.keyvalue.repository.KeyValueRepository
2025-10-21T01:18:07.043+09:00  INFO 2924 --- [restartedMain] .RepositoryConfigurationExtensionSupport : Spring Data Redis - Could not safely identify store assignment for repository candidate interface daewoo.team5.hotelreservation.domain.notification.repository.NotificationReadRepository; If you want this repository to be a Redis repository, consider annotating your entities with one of these annotations: org.springframework.data.redis.core.RedisHash (preferred), or consider extending one of the following types with your repository: org.springframework.data.keyvalue.repository.KeyValueRepository
2025-10-21T01:18:07.044+09:00  INFO 2924 --- [restartedMain] .RepositoryConfigurationExtensionSupport : Spring Data Redis - Could not safely identify store assignment for repository candidate interface daewoo.team5.hotelreservation.domain.notification.repository.NotificationRepository; If you want this repository to be a Redis repository, consider annotating your entities with one of these annotations: org.springframework.data.redis.core.RedisHash (preferred), or consider extending one of the following types with your repository: org.springframework.data.keyvalue.repository.KeyValueRepository
2025-10-21T01:18:07.044+09:00  INFO 2924 --- [restartedMain] .RepositoryConfigurationExtensionSupport : Spring Data Redis - Could not safely identify store assignment for repository candidate interface daewoo.team5.hotelreservation.domain.payment.repository.GuestRepository; If you want this repository to be a Redis repository, consider annotating your entities with one of these annotations: org.springframework.data.redis.core.RedisHash (preferred), or consider extending one of the following types with your repository: org.springframework.data.keyvalue.repository.KeyValueRepository
2025-10-21T01:18:07.044+09:00  INFO 2924 --- [restartedMain] .RepositoryConfigurationExtensionSupport : Spring Data Redis - Could not safely identify store assignment for repository candidate interface daewoo.team5.hotelreservation.domain.payment.repository.PaymentHistoryRepository; If you want this repository to be a Redis repository, consider annotating your entities with one of these annotations: org.springframework.data.redis.core.RedisHash (preferred), or consider extending one of the following types with your repository: org.springframework.data.keyvalue.repository.KeyValueRepository
2025-10-21T01:18:07.045+09:00  INFO 2924 --- [restartedMain] .RepositoryConfigurationExtensionSupport : Spring Data Redis - Could not safely identify store assignment for repository candidate interface daewoo.team5.hotelreservation.domain.payment.repository.PointHistoryRepository; If you want this repository to be a Redis repository, consider annotating your entities with one of these annotations: org.springframework.data.redis.core.RedisHash (preferred), or consider extending one of the following types with your repository: org.springframework.data.keyvalue.repository.KeyValueRepository
2025-10-21T01:18:07.045+09:00  INFO 2924 --- [restartedMain] .RepositoryConfigurationExtensionSupport : Spring Data Redis - Could not safely identify store assignment for repository candidate interface daewoo.team5.hotelreservation.domain.place.repository.AmenityRepository; If you want this repository to be a Redis repository, consider annotating your entities with one of these annotations: org.springframework.data.redis.core.RedisHash (preferred), or consider extending one of the following types with your repository: org.springframework.data.keyvalue.repository.KeyValueRepository
2025-10-21T01:18:07.045+09:00  INFO 2924 --- [restartedMain] .RepositoryConfigurationExtensionSupport : Spring Data Redis - Could not safely identify store assignment for repository candidate interface daewoo.team5.hotelreservation.domain.place.repository.DailyPlaceReservationRepository; If you want this repository to be a Redis repository, consider annotating your entities with one of these annotations: org.springframework.data.redis.core.RedisHash (preferred), or consider extending one of the following types with your repository: org.springframework.data.keyvalue.repository.KeyValueRepository
2025-10-21T01:18:07.045+09:00  INFO 2924 --- [restartedMain] .RepositoryConfigurationExtensionSupport : Spring Data Redis - Could not safely identify store assignment for repository candidate interface daewoo.team5.hotelreservation.domain.place.repository.FileRepository; If you want this repository to be a Redis repository, consider annotating your entities with one of these annotations: org.springframework.data.redis.core.RedisHash (preferred), or consider extending one of the following types with your repository: org.springframework.data.keyvalue.repository.KeyValueRepository
2025-10-21T01:18:07.047+09:00  INFO 2924 --- [restartedMain] .RepositoryConfigurationExtensionSupport : Spring Data Redis - Could not safely identify store assignment for repository candidate interface daewoo.team5.hotelreservation.domain.place.repository.PaymentRepository; If you want this repository to be a Redis repository, consider annotating your entities with one of these annotations: org.springframework.data.redis.core.RedisHash (preferred), or consider extending one of the following types with your repository: org.springframework.data.keyvalue.repository.KeyValueRepository
2025-10-21T01:18:07.047+09:00  INFO 2924 --- [restartedMain] .RepositoryConfigurationExtensionSupport : Spring Data Redis - Could not safely identify store assignment for repository candidate interface daewoo.team5.hotelreservation.domain.place.repository.PlaceAddressRepository; If you want this repository to be a Redis repository, consider annotating your entities with one of these annotations: org.springframework.data.redis.core.RedisHash (preferred), or consider extending one of the following types with your repository: org.springframework.data.keyvalue.repository.KeyValueRepository
2025-10-21T01:18:07.047+09:00  INFO 2924 --- [restartedMain] .RepositoryConfigurationExtensionSupport : Spring Data Redis - Could not safely identify store assignment for repository candidate interface daewoo.team5.hotelreservation.domain.place.repository.PlaceAmenityRepository; If you want this repository to be a Redis repository, consider annotating your entities with one of these annotations: org.springframework.data.redis.core.RedisHash (preferred), or consider extending one of the following types with your repository: org.springframework.data.keyvalue.repository.KeyValueRepository
2025-10-21T01:18:07.047+09:00  INFO 2924 --- [restartedMain] .RepositoryConfigurationExtensionSupport : Spring Data Redis - Could not safely identify store assignment for repository candidate interface daewoo.team5.hotelreservation.domain.place.repository.PlaceCategoryRepository; If you want this repository to be a Redis repository, consider annotating your entities with one of these annotations: org.springframework.data.redis.core.RedisHash (preferred), or consider extending one of the following types with your repository: org.springframework.data.keyvalue.repository.KeyValueRepository
2025-10-21T01:18:07.047+09:00  INFO 2924 --- [restartedMain] .RepositoryConfigurationExtensionSupport : Spring Data Redis - Could not safely identify store assignment for repository candidate interface daewoo.team5.hotelreservation.domain.place.repository.PlaceRepository; If you want this repository to be a Redis repository, consider annotating your entities with one of these annotations: org.springframework.data.redis.core.RedisHash (preferred), or consider extending one of the following types with your repository: org.springframework.data.keyvalue.repository.KeyValueRepository
2025-10-21T01:18:07.048+09:00  INFO 2924 --- [restartedMain] .RepositoryConfigurationExtensionSupport : Spring Data Redis - Could not safely identify store assignment for repository candidate interface daewoo.team5.hotelreservation.domain.place.repository.RegionRepository; If you want this repository to be a Redis repository, consider annotating your entities with one of these annotations: org.springframework.data.redis.core.RedisHash (preferred), or consider extending one of the following types with your repository: org.springframework.data.keyvalue.repository.KeyValueRepository
2025-10-21T01:18:07.048+09:00  INFO 2924 --- [restartedMain] .RepositoryConfigurationExtensionSupport : Spring Data Redis - Could not safely identify store assignment for repository candidate interface daewoo.team5.hotelreservation.domain.place.repository.ReservationRepository; If you want this repository to be a Redis repository, consider annotating your entities with one of these annotations: org.springframework.data.redis.core.RedisHash (preferred), or consider extending one of the following types with your repository: org.springframework.data.keyvalue.repository.KeyValueRepository
2025-10-21T01:18:07.048+09:00  INFO 2924 --- [restartedMain] .RepositoryConfigurationExtensionSupport : Spring Data Redis - Could not safely identify store assignment for repository candidate interface daewoo.team5.hotelreservation.domain.place.repository.RoomAmenityRepository; If you want this repository to be a Redis repository, consider annotating your entities with one of these annotations: org.springframework.data.redis.core.RedisHash (preferred), or consider extending one of the following types with your repository: org.springframework.data.keyvalue.repository.KeyValueRepository
2025-10-21T01:18:07.048+09:00  INFO 2924 --- [restartedMain] .RepositoryConfigurationExtensionSupport : Spring Data Redis - Could not safely identify store assignment for repository candidate interface daewoo.team5.hotelreservation.domain.place.repository.RoomRepository; If you want this repository to be a Redis repository, consider annotating your entities with one of these annotations: org.springframework.data.redis.core.RedisHash (preferred), or consider extending one of the following types with your repository: org.springframework.data.keyvalue.repository.KeyValueRepository
2025-10-21T01:18:07.048+09:00  INFO 2924 --- [restartedMain] .RepositoryConfigurationExtensionSupport : Spring Data Redis - Could not safely identify store assignment for repository candidate interface daewoo.team5.hotelreservation.domain.place.review.repository.ReviewCommentRepository; If you want this repository to be a Redis repository, consider annotating your entities with one of these annotations: org.springframework.data.redis.core.RedisHash (preferred), or consider extending one of the following types with your repository: org.springframework.data.keyvalue.repository.KeyValueRepository
2025-10-21T01:18:07.048+09:00  INFO 2924 --- [restartedMain] .RepositoryConfigurationExtensionSupport : Spring Data Redis - Could not safely identify store assignment for repository candidate interface daewoo.team5.hotelreservation.domain.place.review.repository.ReviewImageRepository; If you want this repository to be a Redis repository, consider annotating your entities with one of these annotations: org.springframework.data.redis.core.RedisHash (preferred), or consider extending one of the following types with your repository: org.springframework.data.keyvalue.repository.KeyValueRepository
2025-10-21T01:18:07.049+09:00  INFO 2924 --- [restartedMain] .RepositoryConfigurationExtensionSupport : Spring Data Redis - Could not safely identify store assignment for repository candidate interface daewoo.team5.hotelreservation.domain.place.review.repository.ReviewRepository; If you want this repository to be a Redis repository, consider annotating your entities with one of these annotations: org.springframework.data.redis.core.RedisHash (preferred), or consider extending one of the following types with your repository: org.springframework.data.keyvalue.repository.KeyValueRepository
2025-10-21T01:18:07.049+09:00  INFO 2924 --- [restartedMain] .RepositoryConfigurationExtensionSupport : Spring Data Redis - Could not safely identify store assignment for repository candidate interface daewoo.team5.hotelreservation.domain.question.repository.QuestionRepository; If you want this repository to be a Redis repository, consider annotating your entities with one of these annotations: org.springframework.data.redis.core.RedisHash (preferred), or consider extending one of the following types with your repository: org.springframework.data.keyvalue.repository.KeyValueRepository
2025-10-21T01:18:07.049+09:00  INFO 2924 --- [restartedMain] .RepositoryConfigurationExtensionSupport : Spring Data Redis - Could not safely identify store assignment for repository candidate interface daewoo.team5.hotelreservation.domain.shoppingcart.repository.ShoppingCartRepository; If you want this repository to be a Redis repository, consider annotating your entities with one of these annotations: org.springframework.data.redis.core.RedisHash (preferred), or consider extending one of the following types with your repository: org.springframework.data.keyvalue.repository.KeyValueRepository
2025-10-21T01:18:07.049+09:00  INFO 2924 --- [restartedMain] .RepositoryConfigurationExtensionSupport : Spring Data Redis - Could not safely identify store assignment for repository candidate interface daewoo.team5.hotelreservation.domain.users.repository.OwnerRequestRepository; If you want this repository to be a Redis repository, consider annotating your entities with one of these annotations: org.springframework.data.redis.core.RedisHash (preferred), or consider extending one of the following types with your repository: org.springframework.data.keyvalue.repository.KeyValueRepository
2025-10-21T01:18:07.050+09:00  INFO 2924 --- [restartedMain] .RepositoryConfigurationExtensionSupport : Spring Data Redis - Could not safely identify store assignment for repository candidate interface daewoo.team5.hotelreservation.domain.users.repository.UsersRepository; If you want this repository to be a Redis repository, consider annotating your entities with one of these annotations: org.springframework.data.redis.core.RedisHash (preferred), or consider extending one of the following types with your repository: org.springframework.data.keyvalue.repository.KeyValueRepository
2025-10-21T01:18:07.050+09:00  INFO 2924 --- [restartedMain] .RepositoryConfigurationExtensionSupport : Spring Data Redis - Could not safely identify store assignment for repository candidate interface daewoo.team5.hotelreservation.domain.wishlist.repository.WishListRepository; If you want this repository to be a Redis repository, consider annotating your entities with one of these annotations: org.springframework.data.redis.core.RedisHash (preferred), or consider extending one of the following types with your repository: org.springframework.data.keyvalue.repository.KeyValueRepository
2025-10-21T01:18:07.050+09:00  INFO 2924 --- [restartedMain] .RepositoryConfigurationExtensionSupport : Spring Data Redis - Could not safely identify store assignment for repository candidate interface daewoo.team5.hotelreservation.redis.AutoCompleteRepository; If you want this repository to be a Redis repository, consider annotating your entities with one of these annotations: org.springframework.data.redis.core.RedisHash (preferred), or consider extending one of the following types with your repository: org.springframework.data.keyvalue.repository.KeyValueRepository
2025-10-21T01:18:07.050+09:00  INFO 2924 --- [restartedMain] .s.d.r.c.RepositoryConfigurationDelegate : Finished Spring Data repository scanning in 31 ms. Found 0 Redis repository interfaces.
2025-10-21T01:18:07.293+09:00  INFO 2924 --- [restartedMain] o.s.cloud.context.scope.GenericScope     : BeanFactory id=f5f33854-5c1c-3c99-b401-5470006cf8f8
2025-10-21T01:18:07.771+09:00  INFO 2924 --- [restartedMain] o.s.b.w.embedded.tomcat.TomcatWebServer  : Tomcat initialized with port 8080 (http)
2025-10-21T01:18:07.783+09:00  INFO 2924 --- [restartedMain] o.apache.catalina.core.StandardService   : Starting service [Tomcat]
2025-10-21T01:18:07.783+09:00  INFO 2924 --- [restartedMain] o.apache.catalina.core.StandardEngine    : Starting Servlet engine: [Apache Tomcat/10.1.44]
2025-10-21T01:18:07.830+09:00  INFO 2924 --- [restartedMain] o.a.c.c.C.[Tomcat].[localhost].[/]       : Initializing Spring embedded WebApplicationContext
2025-10-21T01:18:07.830+09:00  INFO 2924 --- [restartedMain] w.s.c.ServletWebServerApplicationContext : Root WebApplicationContext: initialization completed in 2008 ms
2025-10-21T01:18:08.030+09:00  INFO 2924 --- [restartedMain] o.hibernate.jpa.internal.util.LogHelper  : HHH000204: Processing PersistenceUnitInfo [name: default]
2025-10-21T01:18:08.062+09:00  INFO 2924 --- [restartedMain] org.hibernate.Version                    : HHH000412: Hibernate ORM core version 6.6.26.Final
2025-10-21T01:18:08.085+09:00  INFO 2924 --- [restartedMain] o.h.c.internal.RegionFactoryInitiator    : HHH000026: Second-level cache disabled
2025-10-21T01:18:08.287+09:00  INFO 2924 --- [restartedMain] o.s.o.j.p.SpringPersistenceUnitInfo      : No LoadTimeWeaver setup: ignoring JPA class transformer
2025-10-21T01:18:08.309+09:00  INFO 2924 --- [restartedMain] com.zaxxer.hikari.HikariDataSource       : HikariPool-1 - Starting...
2025-10-21T01:18:08.371+09:00  INFO 2924 --- [restartedMain] com.zaxxer.hikari.pool.HikariPool        : HikariPool-1 - Added connection org.mariadb.jdbc.Connection@6a7138fd
2025-10-21T01:18:08.372+09:00  INFO 2924 --- [restartedMain] com.zaxxer.hikari.HikariDataSource       : HikariPool-1 - Start completed.
2025-10-21T01:18:08.390+09:00  WARN 2924 --- [restartedMain] org.hibernate.orm.deprecation            : HHH90000025: MariaDBDialect does not need to be specified explicitly using 'hibernate.dialect' (remove the property setting and it will be selected by default)
2025-10-21T01:18:08.401+09:00  INFO 2924 --- [restartedMain] org.hibernate.orm.connections.pooling    : HHH10001005: Database info:
	Database JDBC URL [Connecting through datasource 'HikariDataSource (HikariPool-1)']
	Database driver: undefined/unknown
	Database version: 12.0.2
	Autocommit mode: undefined/unknown
	Isolation level: undefined/unknown
	Minimum pool size: undefined/unknown
	Maximum pool size: undefined/unknown
2025-10-21T01:18:09.417+09:00  INFO 2924 --- [restartedMain] o.h.e.t.j.p.i.JtaPlatformInitiator       : HHH000489: No JTA platform available (set 'hibernate.transaction.jta.platform' to enable JTA platform integration)
2025-10-21T01:18:09.455+09:00 DEBUG 2924 --- [restartedMain] org.hibernate.SQL                        : 
    alter table if exists places 
       modify column status enum ('APPROVED','INACTIVE','PENDING','REJECTED')
2025-10-21T01:18:09.463+09:00 DEBUG 2924 --- [restartedMain] org.hibernate.SQL                        : 
    alter table if exists room 
       modify column status enum ('AVAILABLE','CLEANING','RESERVED') not null
2025-10-21T01:18:09.472+09:00 DEBUG 2924 --- [restartedMain] org.hibernate.SQL                        : 
    alter table if exists shopping 
       drop index if exists UK1vb4hfevu2sijybp8fi2hlyq1
2025-10-21T01:18:09.474+09:00 DEBUG 2924 --- [restartedMain] org.hibernate.SQL                        : 
    alter table if exists shopping 
       add constraint UK1vb4hfevu2sijybp8fi2hlyq1 unique (user_id, place_id)
2025-10-21T01:18:09.477+09:00  WARN 2924 --- [restartedMain] o.m.jdbc.message.server.ErrorPacket      : Error: 1072-42000: Key column 'place_id' doesn't exist in table
2025-10-21T01:18:09.514+09:00  INFO 2924 --- [restartedMain] j.LocalContainerEntityManagerFactoryBean : Initialized JPA EntityManagerFactory for persistence unit 'default'
2025-10-21T01:18:09.708+09:00  INFO 2924 --- [restartedMain] o.s.d.j.r.query.QueryEnhancerFactory     : Hibernate is in classpath; If applicable, HQL parser will be used.
2025-10-21T01:18:13.192+09:00  WARN 2924 --- [restartedMain] JpaBaseConfiguration$JpaWebConfiguration : spring.jpa.open-in-view is enabled by default. Therefore, database queries may be performed during view rendering. Explicitly configure spring.jpa.open-in-view to disable this warning
2025-10-21T01:18:13.286+09:00  INFO 2924 --- [restartedMain] o.s.b.d.a.OptionalLiveReloadServer       : LiveReload server is running on port 35729
2025-10-21T01:18:14.263+09:00  INFO 2924 --- [restartedMain] r$InitializeUserDetailsManagerConfigurer : Global AuthenticationManager configured with UserDetailsService bean with name customUserDetailsService
2025-10-21T01:18:14.517+09:00  INFO 2924 --- [restartedMain] o.s.b.a.w.s.WelcomePageHandlerMapping    : Adding welcome page template: index
2025-10-21T01:18:15.250+09:00  INFO 2924 --- [restartedMain] o.s.b.w.embedded.tomcat.TomcatWebServer  : Tomcat started on port 8080 (http) with context path '/'
2025-10-21T01:18:15.259+09:00  INFO 2924 --- [restartedMain] d.t.h.HotelReservationApplication        : Started HotelReservationApplication in 9.88 seconds (process running for 10.616)
2025-10-21T01:18:15.300+09:00 DEBUG 2924 --- [restartedMain] org.hibernate.SQL                        : 
    select
        r1_0.id,
        r1_0.dong,
        r1_0.sido,
        r1_0.sigungu 
    from
        regions r1_0
2025-10-21T01:18:15.314+09:00 DEBUG 2924 --- [restartedMain] org.hibernate.SQL                        : 
    select
        p1_0.id,
        p1_0.avg_rating,
        p1_0.category_id,
        p1_0.check_in,
        p1_0.check_out,
        p1_0.created_at,
        p1_0.description,
        p1_0.is_public,
        p1_0.min_price,
        p1_0.name,
        p1_0.owner_id,
        p1_0.review_count,
        p1_0.status,
        p1_0.updated_at 
    from
        places p1_0
2025-10-21T01:18:15.318+09:00  INFO 2924 --- [restartedMain] d.t.h.d.place.service.RatingInitializer  : 서버 시작 시 숙소별 평균 평점 계산을 시작합니다...
2025-10-21T01:19:23.425+09:00  INFO 2924 --- [http-nio-8080-exec-1] o.a.c.c.C.[Tomcat].[localhost].[/]       : Initializing Spring DispatcherServlet 'dispatcherServlet'
2025-10-21T01:19:23.426+09:00  INFO 2924 --- [http-nio-8080-exec-1] o.s.web.servlet.DispatcherServlet        : Initializing Servlet 'dispatcherServlet'
2025-10-21T01:19:23.429+09:00  INFO 2924 --- [http-nio-8080-exec-1] o.s.web.servlet.DispatcherServlet        : Completed initialization in 3 ms
2025-10-21T01:19:23.579+09:00  INFO 2924 --- [http-nio-8080-exec-2] d.t.h.g.a.a.ControllerLoggingAspect      : [REQUEST] POST /api/v1/auth? | 메서드: AuthController.emailLogin(..) | 파라미터: [EmailLoginDto(email=112615az@naver.com)]
2025-10-21T01:19:23.579+09:00  INFO 2924 --- [http-nio-8080-exec-2] d.t.h.d.auth.controller.AuthController   : Email Login Request Received: EmailLoginDto(email=112615az@naver.com)
2025-10-21T01:19:23.934+09:00  INFO 2924 --- [http-nio-8080-exec-2] d.t.h.domain.auth.service.AuthService    : Generated OTP Code: 656545
2025-10-21T01:19:23.935+09:00  INFO 2924 --- [http-nio-8080-exec-2] d.t.h.g.a.a.ControllerLoggingAspect      : [RESPONSE] AuthController.emailLogin(..) | 처리시간: 358ms
2025-10-21T01:19:27.833+09:00  INFO 2924 --- [task-1] d.t.h.global.mail.service.MailService    : 메일 전송 성공: 112615az@naver.com
2025-10-21T01:19:38.019+09:00  INFO 2924 --- [http-nio-8080-exec-6] d.t.h.g.a.a.ControllerLoggingAspect      : [REQUEST] POST /api/v1/auth/code? | 메서드: AuthController.authOtpCode(..) | 파라미터: [AuthCodeDto(code=656545, email=112615az@naver.com, recaptchaToken=0cAFcWeA4GlH6qMRIGIw7-LQGZGpTMDq_O9fojvmsngk1yUpRUmBsf7mSaNnttwnXrvwQqkodI0RHm_mkRXOIOyyV6RlxhFdRLS7rOCfyHq_tyq5mzn6zzCM_I36LNPd28ED7o_JO-YcilEHxo1k8_ARPyTWADnyHSxjQ6UPp5X444tisqVawj-knvE9KwRu-By_x9WZWCYS68--KIZ-nJncFzd23xp_BrxkWhyIaC72KIqUmD2VsBORU5vJB6XOdWeE6XwzcAKsBp1Q8UHWW07I2TrFlWEgXvZ7WZXX4uBbB8O5oz62hHDbnjsf7rxcqJv8_1XIo1sNz42vGxpTZvR3C1RITdSvB2C-rgnjbXVWVuzDkcc3DpMS8XO10qrx0vRFqTNppka0S-C65aVIK0Z44KBeC-P09I1FXSazUkqaRNPdAvj1EqfAAwvDhnbPTrKHsTZBEyDhwz9yc3w7aOyoygVrkMly0j_YcKzXZbHJelI-FEpGMQ_mE-_FGrMompCZ8LSGVOimLmRzWXjF2GSTc2ifSoP9uRASBtbHz8UwjgbMAaSU-G4crlwvf3PDGyv0iUfWPwVrmJ7QqXT1FCK8lrPaSI4EmxZOXaf5vjlrsTAfkFSijzFTxMWR2IeRkg-BWtydALHCl4A7o1j7d1_gCyl44Gs65bJeWdFY3qmDs4dRQ29PV7PZpjqw2R3BgCVN3k_m1so217odpGhYBFrgUct9gAKmqT_ynZPNNw8VpowZgoSlagivqfsSRxNiXm69ywcd9PyZb3knAotHt5ir211mS20oqCYrocEWVBK88n9l7qAQ8wKf11f8UrzcfNvC1mh_pgEHXoI7xJWr2KzmFYlhDi832_5VXVhfz23e5LJonxjb3luSsLlm6JjpfVBQycQQDIn45o_aflIs6AVRVAurQ6bFJ8sPbsPDsUOz9ZgWGqp6jxe70UBEJyEUpXnXszx23QdJXiSQsQ-8GED_19m1iBs4TK5cnwAko6gpvu4BDQjQJZaE4Wah__zyQI8nKPLMKkin3mHlRtHd5nwBD_BPnfY1k9c8L5vnHjiZOfmRUJPqoBpzZR_lyYM17yOi20vMt3lz0HddyltBcMOH-SBApIrrRleoFmJM-ZIbydltcmNBymTbV7ODe0ZIsxxHXyyXzEhZsy4x7xDbTrOmgQXZFnEpI5y5lygFgWH2WfbClquTP0VCpzDdYftYIhPmp5KIV1WnqjtFJES4kNAc51_IwntfQHae4hX0-n5GTa1YasVhx3oLX0OirKvfvxQVl_WsOd4VeUBbsnwyTJaWNtx2z04vOwZ0V7g03Hp-HZk6X6t6uYO3ZVDrerLIDVARdrMJeFWPZ0gnzo3gva-Y2JE7oDmFGMYU37nqnjs1GKURfUBDQnsg3de41YssT3Je65I7nfayWuNtTtUGXrkxg0r4rroN27PTrCawHQRwAWbOVU4x2Wm8ZixFKtJPD3_ipQF0QTb2ULpHX4dRIYwkTxDiZWjnvIcrlciWV6aei4omOISAadlpgIV1t95DqK6nTzGKuTekfYiz-NbNjlDb1LAJoKJyEMhwxXKDoNNaF3IhF7oktumM8Ek321dm-RJ5mbhaGr4Mc_), org.springframework.web.context.request.async.StandardServletAsyncWebRequest$LifecycleHttpServletResponse@10c41d6f]
2025-10-21T01:19:38.020+09:00  INFO 2924 --- [http-nio-8080-exec-6] d.t.h.d.auth.controller.AuthController   : OTP Code Verification Request: 112615az@naver.com
2025-10-21T01:19:38.289+09:00  INFO 2924 --- [http-nio-8080-exec-6] d.t.h.d.auth.service.RecaptchaService    : reCAPTCHA 검증 결과: true
2025-10-21T01:19:38.289+09:00  INFO 2924 --- [http-nio-8080-exec-6] d.t.h.d.auth.service.RecaptchaService    : reCAPTCHA Challenge Timestamp: 2025-10-20T16:19:15Z
2025-10-21T01:19:38.289+09:00  INFO 2924 --- [http-nio-8080-exec-6] d.t.h.d.auth.service.RecaptchaService    : reCAPTCHA Hostname: localhost
2025-10-21T01:19:38.289+09:00  INFO 2924 --- [http-nio-8080-exec-6] d.t.h.d.auth.controller.AuthController   : reCAPTCHA 검증 성공 - Email: 112615az@naver.com
2025-10-21T01:19:38.310+09:00 DEBUG 2924 --- [http-nio-8080-exec-6] org.hibernate.SQL                        : 
    select
        u1_0.id,
        u1_0.created_at,
        u1_0.email,
        u1_0.name,
        u1_0.password,
        u1_0.phone,
        u1_0.point,
        u1_0.file_id,
        u1_0.role,
        u1_0.status,
        u1_0.updated_at,
        u1_0.user_id,
        u1_0.user_type 
    from
        users u1_0 
    where
        u1_0.email=? 
        and u1_0.user_type=?
2025-10-21T01:19:38.311+09:00 TRACE 2924 --- [http-nio-8080-exec-6] org.hibernate.orm.jdbc.bind              : binding parameter (1:VARCHAR) <- [112615az@naver.com]
2025-10-21T01:19:38.311+09:00 TRACE 2924 --- [http-nio-8080-exec-6] org.hibernate.orm.jdbc.bind              : binding parameter (2:ENUM) <- [email]
2025-10-21T01:19:38.331+09:00 DEBUG 2924 --- [http-nio-8080-exec-6] org.hibernate.SQL                        : 
    select
        u1_0.name,
        u1_0.email,
        u1_0.user_id,
        u1_0.id,
        u1_0.role,
        u1_0.status,
        pi1_0.url,
        u1_0.phone 
    from
        users u1_0 
    left join
        file pi1_0 
            on pi1_0.id=u1_0.file_id 
    where
        u1_0.name=?
2025-10-21T01:19:38.331+09:00 TRACE 2924 --- [http-nio-8080-exec-6] org.hibernate.orm.jdbc.bind              : binding parameter (1:VARCHAR) <- [김상훈]
2025-10-21T01:19:38.339+09:00  INFO 2924 --- [http-nio-8080-exec-6] d.t.h.global.core.provider.JwtProvider   : secret key: bdd56aeakt42eff83cb0et1bf0a9kber3bd56aea9642eff83cb0e2fb20d35b4e
2025-10-21T01:19:38.361+09:00  INFO 2924 --- [http-nio-8080-exec-6] d.t.h.global.core.provider.JwtProvider   : secret key: bdd56aeakt42eff83cb0et1bf0a9kber3bd56aea9642eff83cb0e2fb20d35b4e
2025-10-21T01:19:38.364+09:00  INFO 2924 --- [http-nio-8080-exec-6] d.t.h.g.a.a.ControllerLoggingAspect      : [RESPONSE] AuthController.authOtpCode(..) | 처리시간: 345ms
2025-10-21T01:19:38.407+09:00  INFO 2924 --- [http-nio-8080-exec-8] d.t.h.global.core.provider.JwtProvider   : Claims: {sub={"name":"김상훈","id":1,"role":"customer","profileImageUrl":null,"status":"active","email":"112615az@naver.com","phone":"010-9472-8748","userId":"902d1ff2-6289-4e37-a9b5-a02912c59a8f"}, iat=1760977178, exp=1760980778}
2025-10-21T01:19:38.407+09:00  INFO 2924 --- [http-nio-8080-exec-10] d.t.h.global.core.provider.JwtProvider   : Claims: {sub={"name":"김상훈","id":1,"role":"customer","profileImageUrl":null,"status":"active","email":"112615az@naver.com","phone":"010-9472-8748","userId":"902d1ff2-6289-4e37-a9b5-a02912c59a8f"}, iat=1760977178, exp=1760980778}
2025-10-21T01:19:38.407+09:00  INFO 2924 --- [http-nio-8080-exec-9] d.t.h.global.core.provider.JwtProvider   : Claims: {sub={"name":"김상훈","id":1,"role":"customer","profileImageUrl":null,"status":"active","email":"112615az@naver.com","phone":"010-9472-8748","userId":"902d1ff2-6289-4e37-a9b5-a02912c59a8f"}, iat=1760977178, exp=1760980778}
2025-10-21T01:19:38.411+09:00  INFO 2924 --- [http-nio-8080-exec-10] d.t.h.g.a.a.ControllerLoggingAspect      : [REQUEST] GET /api/v1/cart? | 메서드: ShoppingCartController.getCartItemCount(..) | 파라미터: [UsernamePasswordAuthenticationToken [Principal=1, Credentials=[PROTECTED], Authenticated=true, Details=null, Granted Authorities=[ROLE_customer]]]
2025-10-21T01:19:38.419+09:00 DEBUG 2924 --- [http-nio-8080-exec-10] org.hibernate.SQL                        : 
    select
        coalesce(sum(sc1_0.quantity), 0) 
    from
        shopping sc1_0 
    where
        sc1_0.user_id=?
2025-10-21T01:19:38.419+09:00 TRACE 2924 --- [http-nio-8080-exec-10] org.hibernate.orm.jdbc.bind              : binding parameter (1:BIGINT) <- [1]
2025-10-21T01:19:38.420+09:00 DEBUG 2924 --- [http-nio-8080-exec-9] org.hibernate.SQL                        : 
    select
        u1_0.name,
        u1_0.email,
        u1_0.user_id,
        u1_0.id,
        u1_0.role,
        u1_0.status,
        pi1_0.url,
        u1_0.phone 
    from
        users u1_0 
    left join
        file pi1_0 
            on pi1_0.id=u1_0.file_id 
    where
        u1_0.id=?
2025-10-21T01:19:38.420+09:00 DEBUG 2924 --- [http-nio-8080-exec-8] org.hibernate.SQL                        : 
    select
        u1_0.name,
        u1_0.email,
        u1_0.user_id,
        u1_0.id,
        u1_0.role,
        u1_0.status,
        pi1_0.url,
        u1_0.phone 
    from
        users u1_0 
    left join
        file pi1_0 
            on pi1_0.id=u1_0.file_id 
    where
        u1_0.id=?
2025-10-21T01:19:38.421+09:00 TRACE 2924 --- [http-nio-8080-exec-8] org.hibernate.orm.jdbc.bind              : binding parameter (1:BIGINT) <- [1]
2025-10-21T01:19:38.421+09:00 TRACE 2924 --- [http-nio-8080-exec-9] org.hibernate.orm.jdbc.bind              : binding parameter (1:BIGINT) <- [1]
2025-10-21T01:19:38.421+09:00  INFO 2924 --- [http-nio-8080-exec-10] d.t.h.g.a.a.ControllerLoggingAspect      : [RESPONSE] ShoppingCartController.getCartItemCount(..) | 처리시간: 10ms
2025-10-21T01:19:38.422+09:00  INFO 2924 --- [http-nio-8080-exec-9] d.t.h.g.a.a.ControllerLoggingAspect      : [REQUEST] GET /api/v1/users/my? | 메서드: UserController.getMyInfo(..) | 파라미터: [{role=customer, status=active, name=김상훈, id=1, phone=010-9472-8748, email=112615az@naver.com, userId=902d1ff2-6289-4e37-a9b5-a02912c59a8f, profileImageUrl=null}]
2025-10-21T01:19:38.422+09:00  INFO 2924 --- [http-nio-8080-exec-8] d.t.h.g.a.a.ControllerLoggingAspect      : [REQUEST] GET /api/v1/notification/my/count? | 메서드: NotificationController.getMyNotificationRead(..) | 파라미터: [{role=customer, status=active, name=김상훈, id=1, phone=010-9472-8748, email=112615az@naver.com, userId=902d1ff2-6289-4e37-a9b5-a02912c59a8f, profileImageUrl=null}]
2025-10-21T01:19:38.424+09:00 DEBUG 2924 --- [http-nio-8080-exec-8] org.hibernate.SQL                        : 
    select
        nre1_0.id,
        nre1_0.read_at,
        nre1_0.user_id 
    from
        notification_read nre1_0 
    left join
        users u1_0 
            on u1_0.id=nre1_0.user_id 
    where
        u1_0.id=?
2025-10-21T01:19:38.425+09:00 DEBUG 2924 --- [http-nio-8080-exec-9] org.hibernate.SQL                        : 
    select
        u1_0.name,
        u1_0.email,
        u1_0.user_id,
        u1_0.id,
        u1_0.role,
        u1_0.phone,
        u1_0.status,
        u1_0.point,
        pi1_0.url 
    from
        users u1_0 
    left join
        file pi1_0 
            on pi1_0.id=u1_0.file_id 
    where
        u1_0.id=?
2025-10-21T01:19:38.425+09:00 TRACE 2924 --- [http-nio-8080-exec-8] org.hibernate.orm.jdbc.bind              : binding parameter (1:BIGINT) <- [1]
2025-10-21T01:19:38.425+09:00 TRACE 2924 --- [http-nio-8080-exec-9] org.hibernate.orm.jdbc.bind              : binding parameter (1:BIGINT) <- [1]
2025-10-21T01:19:38.427+09:00  INFO 2924 --- [http-nio-8080-exec-9] d.t.h.g.a.a.ControllerLoggingAspect      : [RESPONSE] UserController.getMyInfo(..) | 처리시간: 5ms
2025-10-21T01:19:38.430+09:00 DEBUG 2924 --- [http-nio-8080-exec-8] org.hibernate.SQL                        : 
    select
        count(ne1_0.id) 
    from
        notification ne1_0 
    where
        ne1_0.user_id=? 
        or ne1_0.user_id is null
2025-10-21T01:19:38.431+09:00 TRACE 2924 --- [http-nio-8080-exec-8] org.hibernate.orm.jdbc.bind              : binding parameter (1:BIGINT) <- [1]
2025-10-21T01:19:38.431+09:00  INFO 2924 --- [http-nio-8080-exec-8] d.t.h.g.a.a.ControllerLoggingAspect      : [RESPONSE] NotificationController.getMyNotificationRead(..) | 처리시간: 9ms
2025-10-21T01:19:41.292+09:00  INFO 2924 --- [http-nio-8080-exec-3] d.t.h.global.core.provider.JwtProvider   : Claims: {sub={"name":"김상훈","id":1,"role":"customer","profileImageUrl":null,"status":"active","email":"112615az@naver.com","phone":"010-9472-8748","userId":"902d1ff2-6289-4e37-a9b5-a02912c59a8f"}, iat=1760977178, exp=1760980778}
2025-10-21T01:19:41.292+09:00  INFO 2924 --- [http-nio-8080-exec-2] d.t.h.global.core.provider.JwtProvider   : Claims: {sub={"name":"김상훈","id":1,"role":"customer","profileImageUrl":null,"status":"active","email":"112615az@naver.com","phone":"010-9472-8748","userId":"902d1ff2-6289-4e37-a9b5-a02912c59a8f"}, iat=1760977178, exp=1760980778}
2025-10-21T01:19:41.292+09:00  INFO 2924 --- [http-nio-8080-exec-1] d.t.h.global.core.provider.JwtProvider   : Claims: {sub={"name":"김상훈","id":1,"role":"customer","profileImageUrl":null,"status":"active","email":"112615az@naver.com","phone":"010-9472-8748","userId":"902d1ff2-6289-4e37-a9b5-a02912c59a8f"}, iat=1760977178, exp=1760980778}
2025-10-21T01:19:41.293+09:00  INFO 2924 --- [http-nio-8080-exec-2] d.t.h.g.a.a.ControllerLoggingAspect      : [REQUEST] GET /api/v1/cart? | 메서드: ShoppingCartController.getCartItemCount(..) | 파라미터: [UsernamePasswordAuthenticationToken [Principal=1, Credentials=[PROTECTED], Authenticated=true, Details=null, Granted Authorities=[ROLE_customer]]]
2025-10-21T01:19:41.296+09:00 DEBUG 2924 --- [http-nio-8080-exec-2] org.hibernate.SQL                        : 
    select
        coalesce(sum(sc1_0.quantity), 0) 
    from
        shopping sc1_0 
    where
        sc1_0.user_id=?
2025-10-21T01:19:41.296+09:00 DEBUG 2924 --- [http-nio-8080-exec-1] org.hibernate.SQL                        : 
    select
        u1_0.name,
        u1_0.email,
        u1_0.user_id,
        u1_0.id,
        u1_0.role,
        u1_0.status,
        pi1_0.url,
        u1_0.phone 
    from
        users u1_0 
    left join
        file pi1_0 
            on pi1_0.id=u1_0.file_id 
    where
        u1_0.id=?
2025-10-21T01:19:41.296+09:00 TRACE 2924 --- [http-nio-8080-exec-1] org.hibernate.orm.jdbc.bind              : binding parameter (1:BIGINT) <- [1]
2025-10-21T01:19:41.296+09:00 TRACE 2924 --- [http-nio-8080-exec-2] org.hibernate.orm.jdbc.bind              : binding parameter (1:BIGINT) <- [1]
2025-10-21T01:19:41.296+09:00 DEBUG 2924 --- [http-nio-8080-exec-3] org.hibernate.SQL                        : 
    select
        u1_0.name,
        u1_0.email,
        u1_0.user_id,
        u1_0.id,
        u1_0.role,
        u1_0.status,
        pi1_0.url,
        u1_0.phone 
    from
        users u1_0 
    left join
        file pi1_0 
            on pi1_0.id=u1_0.file_id 
    where
        u1_0.id=?
2025-10-21T01:19:41.298+09:00 TRACE 2924 --- [http-nio-8080-exec-3] org.hibernate.orm.jdbc.bind              : binding parameter (1:BIGINT) <- [1]
2025-10-21T01:19:41.298+09:00  INFO 2924 --- [http-nio-8080-exec-2] d.t.h.g.a.a.ControllerLoggingAspect      : [RESPONSE] ShoppingCartController.getCartItemCount(..) | 처리시간: 5ms
2025-10-21T01:19:41.298+09:00  INFO 2924 --- [http-nio-8080-exec-1] d.t.h.g.a.a.ControllerLoggingAspect      : [REQUEST] GET /api/v1/notification/my/count? | 메서드: NotificationController.getMyNotificationRead(..) | 파라미터: [{role=customer, status=active, name=김상훈, id=1, phone=010-9472-8748, email=112615az@naver.com, userId=902d1ff2-6289-4e37-a9b5-a02912c59a8f, profileImageUrl=null}]
2025-10-21T01:19:41.299+09:00  INFO 2924 --- [http-nio-8080-exec-3] d.t.h.g.a.a.ControllerLoggingAspect      : [REQUEST] GET /api/v1/users/my? | 메서드: UserController.getMyInfo(..) | 파라미터: [{role=customer, status=active, name=김상훈, id=1, phone=010-9472-8748, email=112615az@naver.com, userId=902d1ff2-6289-4e37-a9b5-a02912c59a8f, profileImageUrl=null}]
2025-10-21T01:19:41.299+09:00 DEBUG 2924 --- [http-nio-8080-exec-1] org.hibernate.SQL                        : 
    select
        nre1_0.id,
        nre1_0.read_at,
        nre1_0.user_id 
    from
        notification_read nre1_0 
    left join
        users u1_0 
            on u1_0.id=nre1_0.user_id 
    where
        u1_0.id=?
2025-10-21T01:19:41.300+09:00 TRACE 2924 --- [http-nio-8080-exec-1] org.hibernate.orm.jdbc.bind              : binding parameter (1:BIGINT) <- [1]
2025-10-21T01:19:41.301+09:00 DEBUG 2924 --- [http-nio-8080-exec-3] org.hibernate.SQL                        : 
    select
        u1_0.name,
        u1_0.email,
        u1_0.user_id,
        u1_0.id,
        u1_0.role,
        u1_0.phone,
        u1_0.status,
        u1_0.point,
        pi1_0.url 
    from
        users u1_0 
    left join
        file pi1_0 
            on pi1_0.id=u1_0.file_id 
    where
        u1_0.id=?
2025-10-21T01:19:41.301+09:00 TRACE 2924 --- [http-nio-8080-exec-3] org.hibernate.orm.jdbc.bind              : binding parameter (1:BIGINT) <- [1]
2025-10-21T01:19:41.302+09:00 DEBUG 2924 --- [http-nio-8080-exec-1] org.hibernate.SQL                        : 
    select
        count(ne1_0.id) 
    from
        notification ne1_0 
    where
        ne1_0.user_id=? 
        or ne1_0.user_id is null
2025-10-21T01:19:41.302+09:00 TRACE 2924 --- [http-nio-8080-exec-1] org.hibernate.orm.jdbc.bind              : binding parameter (1:BIGINT) <- [1]
2025-10-21T01:19:41.302+09:00  INFO 2924 --- [http-nio-8080-exec-3] d.t.h.g.a.a.ControllerLoggingAspect      : [RESPONSE] UserController.getMyInfo(..) | 처리시간: 3ms
2025-10-21T01:19:41.302+09:00  INFO 2924 --- [http-nio-8080-exec-1] d.t.h.g.a.a.ControllerLoggingAspect      : [RESPONSE] NotificationController.getMyNotificationRead(..) | 처리시간: 4ms
2025-10-21T01:19:42.927+09:00  INFO 2924 --- [http-nio-8080-exec-6] d.t.h.g.a.a.ControllerLoggingAspect      : [REQUEST] POST /api/v1/auth/token? | 메서드: AuthController.reissueToken(..) | 파라미터: [eyJhbGciOiJIUzI1NiJ9.eyJzdWIiOiIxIiwiaWF0IjoxNzYwOTc3MTc4LCJleHAiOjE3NjM1NjkxNzh9.JGLNDUIbIyidGFtBmg09QIi3v3ZmAXz9ZynxU60A5Z8, org.springframework.web.context.request.async.StandardServletAsyncWebRequest$LifecycleHttpServletResponse@15ba62a3]
2025-10-21T01:19:42.937+09:00 DEBUG 2924 --- [http-nio-8080-exec-6] org.hibernate.SQL                        : 
    select
        u1_0.name,
        u1_0.email,
        u1_0.user_id,
        u1_0.id,
        u1_0.role,
        u1_0.status,
        pi1_0.url,
        u1_0.phone 
    from
        users u1_0 
    left join
        file pi1_0 
            on pi1_0.id=u1_0.file_id 
    where
        u1_0.id=?
2025-10-21T01:19:42.937+09:00 TRACE 2924 --- [http-nio-8080-exec-6] org.hibernate.orm.jdbc.bind              : binding parameter (1:BIGINT) <- [1]
2025-10-21T01:19:42.939+09:00  INFO 2924 --- [http-nio-8080-exec-6] d.t.h.global.core.provider.JwtProvider   : secret key: bdd56aeakt42eff83cb0et1bf0a9kber3bd56aea9642eff83cb0e2fb20d35b4e
2025-10-21T01:19:42.941+09:00  INFO 2924 --- [http-nio-8080-exec-6] d.t.h.global.core.provider.JwtProvider   : secret key: bdd56aeakt42eff83cb0et1bf0a9kber3bd56aea9642eff83cb0e2fb20d35b4e
2025-10-21T01:19:42.942+09:00  INFO 2924 --- [http-nio-8080-exec-6] d.t.h.g.a.a.ControllerLoggingAspect      : [RESPONSE] AuthController.reissueToken(..) | 처리시간: 15ms
2025-10-21T01:19:42.992+09:00  INFO 2924 --- [http-nio-8080-exec-7] d.t.h.global.core.provider.JwtProvider   : Claims: {sub={"name":"김상훈","id":1,"role":"customer","profileImageUrl":null,"status":"active","email":"112615az@naver.com","phone":"010-9472-8748","userId":"902d1ff2-6289-4e37-a9b5-a02912c59a8f"}, iat=1760977182, exp=1760980782}
2025-10-21T01:19:42.992+09:00  INFO 2924 --- [http-nio-8080-exec-4] d.t.h.global.core.provider.JwtProvider   : Claims: {sub={"name":"김상훈","id":1,"role":"customer","profileImageUrl":null,"status":"active","email":"112615az@naver.com","phone":"010-9472-8748","userId":"902d1ff2-6289-4e37-a9b5-a02912c59a8f"}, iat=1760977182, exp=1760980782}
2025-10-21T01:19:42.992+09:00  INFO 2924 --- [http-nio-8080-exec-5] d.t.h.global.core.provider.JwtProvider   : Claims: {sub={"name":"김상훈","id":1,"role":"customer","profileImageUrl":null,"status":"active","email":"112615az@naver.com","phone":"010-9472-8748","userId":"902d1ff2-6289-4e37-a9b5-a02912c59a8f"}, iat=1760977182, exp=1760980782}
2025-10-21T01:19:42.993+09:00  INFO 2924 --- [http-nio-8080-exec-7] d.t.h.g.a.a.ControllerLoggingAspect      : [REQUEST] GET /api/v1/cart? | 메서드: ShoppingCartController.getCartItemCount(..) | 파라미터: [UsernamePasswordAuthenticationToken [Principal=1, Credentials=[PROTECTED], Authenticated=true, Details=null, Granted Authorities=[ROLE_customer]]]
2025-10-21T01:19:42.993+09:00 DEBUG 2924 --- [http-nio-8080-exec-7] org.hibernate.SQL                        : 
    select
        coalesce(sum(sc1_0.quantity), 0) 
    from
        shopping sc1_0 
    where
        sc1_0.user_id=?
2025-10-21T01:19:42.993+09:00 TRACE 2924 --- [http-nio-8080-exec-7] org.hibernate.orm.jdbc.bind              : binding parameter (1:BIGINT) <- [1]
2025-10-21T01:19:42.994+09:00  INFO 2924 --- [http-nio-8080-exec-7] d.t.h.g.a.a.ControllerLoggingAspect      : [RESPONSE] ShoppingCartController.getCartItemCount(..) | 처리시간: 1ms
2025-10-21T01:19:42.995+09:00 DEBUG 2924 --- [http-nio-8080-exec-4] org.hibernate.SQL                        : 
    select
        u1_0.name,
        u1_0.email,
        u1_0.user_id,
        u1_0.id,
        u1_0.role,
        u1_0.status,
        pi1_0.url,
        u1_0.phone 
    from
        users u1_0 
    left join
        file pi1_0 
            on pi1_0.id=u1_0.file_id 
    where
        u1_0.id=?
2025-10-21T01:19:42.996+09:00 DEBUG 2924 --- [http-nio-8080-exec-5] org.hibernate.SQL                        : 
    select
        u1_0.name,
        u1_0.email,
        u1_0.user_id,
        u1_0.id,
        u1_0.role,
        u1_0.status,
        pi1_0.url,
        u1_0.phone 
    from
        users u1_0 
    left join
        file pi1_0 
            on pi1_0.id=u1_0.file_id 
    where
        u1_0.id=?
2025-10-21T01:19:42.996+09:00 TRACE 2924 --- [http-nio-8080-exec-4] org.hibernate.orm.jdbc.bind              : binding parameter (1:BIGINT) <- [1]
2025-10-21T01:19:42.996+09:00 TRACE 2924 --- [http-nio-8080-exec-5] org.hibernate.orm.jdbc.bind              : binding parameter (1:BIGINT) <- [1]
2025-10-21T01:19:42.997+09:00  INFO 2924 --- [http-nio-8080-exec-4] d.t.h.g.a.a.ControllerLoggingAspect      : [REQUEST] GET /api/v1/users/my? | 메서드: UserController.getMyInfo(..) | 파라미터: [{role=customer, status=active, name=김상훈, id=1, phone=010-9472-8748, email=112615az@naver.com, userId=902d1ff2-6289-4e37-a9b5-a02912c59a8f, profileImageUrl=null}]
2025-10-21T01:19:42.997+09:00  INFO 2924 --- [http-nio-8080-exec-5] d.t.h.g.a.a.ControllerLoggingAspect      : [REQUEST] GET /api/v1/notification/my/count? | 메서드: NotificationController.getMyNotificationRead(..) | 파라미터: [{role=customer, status=active, name=김상훈, id=1, phone=010-9472-8748, email=112615az@naver.com, userId=902d1ff2-6289-4e37-a9b5-a02912c59a8f, profileImageUrl=null}]
2025-10-21T01:19:42.999+09:00 DEBUG 2924 --- [http-nio-8080-exec-5] org.hibernate.SQL                        : 
    select
        nre1_0.id,
        nre1_0.read_at,
        nre1_0.user_id 
    from
        notification_read nre1_0 
    left join
        users u1_0 
            on u1_0.id=nre1_0.user_id 
    where
        u1_0.id=?
2025-10-21T01:19:42.999+09:00 DEBUG 2924 --- [http-nio-8080-exec-4] org.hibernate.SQL                        : 
    select
        u1_0.name,
        u1_0.email,
        u1_0.user_id,
        u1_0.id,
        u1_0.role,
        u1_0.phone,
        u1_0.status,
        u1_0.point,
        pi1_0.url 
    from
        users u1_0 
    left join
        file pi1_0 
            on pi1_0.id=u1_0.file_id 
    where
        u1_0.id=?
2025-10-21T01:19:43.001+09:00 TRACE 2924 --- [http-nio-8080-exec-5] org.hibernate.orm.jdbc.bind              : binding parameter (1:BIGINT) <- [1]
2025-10-21T01:19:43.001+09:00 TRACE 2924 --- [http-nio-8080-exec-4] org.hibernate.orm.jdbc.bind              : binding parameter (1:BIGINT) <- [1]
2025-10-21T01:19:43.001+09:00  INFO 2924 --- [http-nio-8080-exec-4] d.t.h.g.a.a.ControllerLoggingAspect      : [RESPONSE] UserController.getMyInfo(..) | 처리시간: 4ms
2025-10-21T01:19:43.002+09:00 DEBUG 2924 --- [http-nio-8080-exec-5] org.hibernate.SQL                        : 
    select
        count(ne1_0.id) 
    from
        notification ne1_0 
    where
        ne1_0.user_id=? 
        or ne1_0.user_id is null
2025-10-21T01:19:43.002+09:00 TRACE 2924 --- [http-nio-8080-exec-5] org.hibernate.orm.jdbc.bind              : binding parameter (1:BIGINT) <- [1]
2025-10-21T01:19:43.003+09:00  INFO 2924 --- [http-nio-8080-exec-5] d.t.h.g.a.a.ControllerLoggingAspect      : [RESPONSE] NotificationController.getMyNotificationRead(..) | 처리시간: 6ms
2025-10-21T01:19:43.956+09:00  INFO 2924 --- [http-nio-8080-exec-10] d.t.h.g.a.a.ControllerLoggingAspect      : [REQUEST] POST /api/v1/auth/token? | 메서드: AuthController.reissueToken(..) | 파라미터: [eyJhbGciOiJIUzI1NiJ9.eyJzdWIiOiIxIiwiaWF0IjoxNzYwOTc3MTgyLCJleHAiOjM1MjQ1NDYzNjB9.cahE9ti94sUGdlRBCpCHpaf1qd5pQVk0yecwG0VEOiU, org.springframework.web.context.request.async.StandardServletAsyncWebRequest$LifecycleHttpServletResponse@61b34e87]
2025-10-21T01:19:43.964+09:00 DEBUG 2924 --- [http-nio-8080-exec-10] org.hibernate.SQL                        : 
    select
        u1_0.name,
        u1_0.email,
        u1_0.user_id,
        u1_0.id,
        u1_0.role,
        u1_0.status,
        pi1_0.url,
        u1_0.phone 
    from
        users u1_0 
    left join
        file pi1_0 
            on pi1_0.id=u1_0.file_id 
    where
        u1_0.id=?
2025-10-21T01:19:43.964+09:00 TRACE 2924 --- [http-nio-8080-exec-10] org.hibernate.orm.jdbc.bind              : binding parameter (1:BIGINT) <- [1]
2025-10-21T01:19:43.965+09:00  INFO 2924 --- [http-nio-8080-exec-10] d.t.h.global.core.provider.JwtProvider   : secret key: bdd56aeakt42eff83cb0et1bf0a9kber3bd56aea9642eff83cb0e2fb20d35b4e
2025-10-21T01:19:43.967+09:00  INFO 2924 --- [http-nio-8080-exec-10] d.t.h.global.core.provider.JwtProvider   : secret key: bdd56aeakt42eff83cb0et1bf0a9kber3bd56aea9642eff83cb0e2fb20d35b4e
2025-10-21T01:19:43.969+09:00  INFO 2924 --- [http-nio-8080-exec-10] d.t.h.g.a.a.ControllerLoggingAspect      : [RESPONSE] AuthController.reissueToken(..) | 처리시간: 13ms
2025-10-21T01:19:44.015+09:00  INFO 2924 --- [http-nio-8080-exec-3] d.t.h.global.core.provider.JwtProvider   : Claims: {sub={"name":"김상훈","id":1,"role":"customer","profileImageUrl":null,"status":"active","email":"112615az@naver.com","phone":"010-9472-8748","userId":"902d1ff2-6289-4e37-a9b5-a02912c59a8f"}, iat=1760977183, exp=1760980783}
2025-10-21T01:19:44.015+09:00  INFO 2924 --- [http-nio-8080-exec-6] d.t.h.global.core.provider.JwtProvider   : Claims: {sub={"name":"김상훈","id":1,"role":"customer","profileImageUrl":null,"status":"active","email":"112615az@naver.com","phone":"010-9472-8748","userId":"902d1ff2-6289-4e37-a9b5-a02912c59a8f"}, iat=1760977183, exp=1760980783}
2025-10-21T01:19:44.015+09:00  INFO 2924 --- [http-nio-8080-exec-1] d.t.h.global.core.provider.JwtProvider   : Claims: {sub={"name":"김상훈","id":1,"role":"customer","profileImageUrl":null,"status":"active","email":"112615az@naver.com","phone":"010-9472-8748","userId":"902d1ff2-6289-4e37-a9b5-a02912c59a8f"}, iat=1760977183, exp=1760980783}
2025-10-21T01:19:44.016+09:00  INFO 2924 --- [http-nio-8080-exec-3] d.t.h.g.a.a.ControllerLoggingAspect      : [REQUEST] GET /api/v1/cart? | 메서드: ShoppingCartController.getCartItemCount(..) | 파라미터: [UsernamePasswordAuthenticationToken [Principal=1, Credentials=[PROTECTED], Authenticated=true, Details=null, Granted Authorities=[ROLE_customer]]]
2025-10-21T01:19:44.017+09:00 DEBUG 2924 --- [http-nio-8080-exec-3] org.hibernate.SQL                        : 
    select
        coalesce(sum(sc1_0.quantity), 0) 
    from
        shopping sc1_0 
    where
        sc1_0.user_id=?
2025-10-21T01:19:44.017+09:00 TRACE 2924 --- [http-nio-8080-exec-3] org.hibernate.orm.jdbc.bind              : binding parameter (1:BIGINT) <- [1]
2025-10-21T01:19:44.019+09:00  INFO 2924 --- [http-nio-8080-exec-3] d.t.h.g.a.a.ControllerLoggingAspect      : [RESPONSE] ShoppingCartController.getCartItemCount(..) | 처리시간: 1ms
2025-10-21T01:19:44.019+09:00 DEBUG 2924 --- [http-nio-8080-exec-6] org.hibernate.SQL                        : 
    select
        u1_0.name,
        u1_0.email,
        u1_0.user_id,
        u1_0.id,
        u1_0.role,
        u1_0.status,
        pi1_0.url,
        u1_0.phone 
    from
        users u1_0 
    left join
        file pi1_0 
            on pi1_0.id=u1_0.file_id 
    where
        u1_0.id=?
2025-10-21T01:19:44.019+09:00 DEBUG 2924 --- [http-nio-8080-exec-1] org.hibernate.SQL                        : 
    select
        u1_0.name,
        u1_0.email,
        u1_0.user_id,
        u1_0.id,
        u1_0.role,
        u1_0.status,
        pi1_0.url,
        u1_0.phone 
    from
        users u1_0 
    left join
        file pi1_0 
            on pi1_0.id=u1_0.file_id 
    where
        u1_0.id=?
2025-10-21T01:19:44.019+09:00 TRACE 2924 --- [http-nio-8080-exec-6] org.hibernate.orm.jdbc.bind              : binding parameter (1:BIGINT) <- [1]
2025-10-21T01:19:44.019+09:00 TRACE 2924 --- [http-nio-8080-exec-1] org.hibernate.orm.jdbc.bind              : binding parameter (1:BIGINT) <- [1]
2025-10-21T01:19:44.019+09:00  INFO 2924 --- [http-nio-8080-exec-6] d.t.h.g.a.a.ControllerLoggingAspect      : [REQUEST] GET /api/v1/notification/my/count? | 메서드: NotificationController.getMyNotificationRead(..) | 파라미터: [{role=customer, status=active, name=김상훈, id=1, phone=010-9472-8748, email=112615az@naver.com, userId=902d1ff2-6289-4e37-a9b5-a02912c59a8f, profileImageUrl=null}]
2025-10-21T01:19:44.019+09:00  INFO 2924 --- [http-nio-8080-exec-1] d.t.h.g.a.a.ControllerLoggingAspect      : [REQUEST] GET /api/v1/users/my? | 메서드: UserController.getMyInfo(..) | 파라미터: [{role=customer, status=active, name=김상훈, id=1, phone=010-9472-8748, email=112615az@naver.com, userId=902d1ff2-6289-4e37-a9b5-a02912c59a8f, profileImageUrl=null}]
2025-10-21T01:19:44.020+09:00 DEBUG 2924 --- [http-nio-8080-exec-6] org.hibernate.SQL                        : 
    select
        nre1_0.id,
        nre1_0.read_at,
        nre1_0.user_id 
    from
        notification_read nre1_0 
    left join
        users u1_0 
            on u1_0.id=nre1_0.user_id 
    where
        u1_0.id=?
2025-10-21T01:19:44.020+09:00 DEBUG 2924 --- [http-nio-8080-exec-1] org.hibernate.SQL                        : 
    select
        u1_0.name,
        u1_0.email,
        u1_0.user_id,
        u1_0.id,
        u1_0.role,
        u1_0.phone,
        u1_0.status,
        u1_0.point,
        pi1_0.url 
    from
        users u1_0 
    left join
        file pi1_0 
            on pi1_0.id=u1_0.file_id 
    where
        u1_0.id=?
2025-10-21T01:19:44.020+09:00 TRACE 2924 --- [http-nio-8080-exec-6] org.hibernate.orm.jdbc.bind              : binding parameter (1:BIGINT) <- [1]
2025-10-21T01:19:44.021+09:00 TRACE 2924 --- [http-nio-8080-exec-1] org.hibernate.orm.jdbc.bind              : binding parameter (1:BIGINT) <- [1]
2025-10-21T01:19:44.021+09:00 DEBUG 2924 --- [http-nio-8080-exec-6] org.hibernate.SQL                        : 
    select
        count(ne1_0.id) 
    from
        notification ne1_0 
    where
        ne1_0.user_id=? 
        or ne1_0.user_id is null
2025-10-21T01:19:44.023+09:00  INFO 2924 --- [http-nio-8080-exec-1] d.t.h.g.a.a.ControllerLoggingAspect      : [RESPONSE] UserController.getMyInfo(..) | 처리시간: 4ms
2025-10-21T01:19:44.023+09:00 TRACE 2924 --- [http-nio-8080-exec-6] org.hibernate.orm.jdbc.bind              : binding parameter (1:BIGINT) <- [1]
2025-10-21T01:19:44.023+09:00  INFO 2924 --- [http-nio-8080-exec-6] d.t.h.g.a.a.ControllerLoggingAspect      : [RESPONSE] NotificationController.getMyNotificationRead(..) | 처리시간: 4ms
2025-10-21T01:19:44.899+09:00  INFO 2924 --- [http-nio-8080-exec-7] d.t.h.g.a.a.ControllerLoggingAspect      : [REQUEST] POST /api/v1/auth/token? | 메서드: AuthController.reissueToken(..) | 파라미터: [eyJhbGciOiJIUzI1NiJ9.eyJzdWIiOiIxIiwiaWF0IjoxNzYwOTc3MTgzLCJleHAiOjUyODU1MjM1NDN9.aqH58avYd7q0mv8Q5ATl9QlFKFlUSdIUtqERU85hxZk, org.springframework.web.context.request.async.StandardServletAsyncWebRequest$LifecycleHttpServletResponse@2400a309]
2025-10-21T01:19:44.908+09:00 DEBUG 2924 --- [http-nio-8080-exec-7] org.hibernate.SQL                        : 
    select
        u1_0.name,
        u1_0.email,
        u1_0.user_id,
        u1_0.id,
        u1_0.role,
        u1_0.status,
        pi1_0.url,
        u1_0.phone 
    from
        users u1_0 
    left join
        file pi1_0 
            on pi1_0.id=u1_0.file_id 
    where
        u1_0.id=?
2025-10-21T01:19:44.908+09:00 TRACE 2924 --- [http-nio-8080-exec-7] org.hibernate.orm.jdbc.bind              : binding parameter (1:BIGINT) <- [1]
2025-10-21T01:19:44.909+09:00  INFO 2924 --- [http-nio-8080-exec-7] d.t.h.global.core.provider.JwtProvider   : secret key: bdd56aeakt42eff83cb0et1bf0a9kber3bd56aea9642eff83cb0e2fb20d35b4e
2025-10-21T01:19:44.910+09:00  INFO 2924 --- [http-nio-8080-exec-7] d.t.h.global.core.provider.JwtProvider   : secret key: bdd56aeakt42eff83cb0et1bf0a9kber3bd56aea9642eff83cb0e2fb20d35b4e
2025-10-21T01:19:44.911+09:00  INFO 2924 --- [http-nio-8080-exec-7] d.t.h.g.a.a.ControllerLoggingAspect      : [RESPONSE] AuthController.reissueToken(..) | 처리시간: 12ms
2025-10-21T01:19:44.951+09:00  INFO 2924 --- [http-nio-8080-exec-10] d.t.h.global.core.provider.JwtProvider   : Claims: {sub={"name":"김상훈","id":1,"role":"customer","profileImageUrl":null,"status":"active","email":"112615az@naver.com","phone":"010-9472-8748","userId":"902d1ff2-6289-4e37-a9b5-a02912c59a8f"}, iat=1760977184, exp=1760980784}
2025-10-21T01:19:44.951+09:00  INFO 2924 --- [http-nio-8080-exec-5] d.t.h.global.core.provider.JwtProvider   : Claims: {sub={"name":"김상훈","id":1,"role":"customer","profileImageUrl":null,"status":"active","email":"112615az@naver.com","phone":"010-9472-8748","userId":"902d1ff2-6289-4e37-a9b5-a02912c59a8f"}, iat=1760977184, exp=1760980784}
2025-10-21T01:19:44.951+09:00  INFO 2924 --- [http-nio-8080-exec-4] d.t.h.global.core.provider.JwtProvider   : Claims: {sub={"name":"김상훈","id":1,"role":"customer","profileImageUrl":null,"status":"active","email":"112615az@naver.com","phone":"010-9472-8748","userId":"902d1ff2-6289-4e37-a9b5-a02912c59a8f"}, iat=1760977184, exp=1760980784}
2025-10-21T01:19:44.952+09:00  INFO 2924 --- [http-nio-8080-exec-5] d.t.h.g.a.a.ControllerLoggingAspect      : [REQUEST] GET /api/v1/cart? | 메서드: ShoppingCartController.getCartItemCount(..) | 파라미터: [UsernamePasswordAuthenticationToken [Principal=1, Credentials=[PROTECTED], Authenticated=true, Details=null, Granted Authorities=[ROLE_customer]]]
2025-10-21T01:19:44.953+09:00 DEBUG 2924 --- [http-nio-8080-exec-5] org.hibernate.SQL                        : 
    select
        coalesce(sum(sc1_0.quantity), 0) 
    from
        shopping sc1_0 
    where
        sc1_0.user_id=?
2025-10-21T01:19:44.953+09:00 TRACE 2924 --- [http-nio-8080-exec-5] org.hibernate.orm.jdbc.bind              : binding parameter (1:BIGINT) <- [1]
2025-10-21T01:19:44.954+09:00 DEBUG 2924 --- [http-nio-8080-exec-10] org.hibernate.SQL                        : 
    select
        u1_0.name,
        u1_0.email,
        u1_0.user_id,
        u1_0.id,
        u1_0.role,
        u1_0.status,
        pi1_0.url,
        u1_0.phone 
    from
        users u1_0 
    left join
        file pi1_0 
            on pi1_0.id=u1_0.file_id 
    where
        u1_0.id=?
2025-10-21T01:19:44.954+09:00 DEBUG 2924 --- [http-nio-8080-exec-4] org.hibernate.SQL                        : 
    select
        u1_0.name,
        u1_0.email,
        u1_0.user_id,
        u1_0.id,
        u1_0.role,
        u1_0.status,
        pi1_0.url,
        u1_0.phone 
    from
        users u1_0 
    left join
        file pi1_0 
            on pi1_0.id=u1_0.file_id 
    where
        u1_0.id=?
2025-10-21T01:19:44.954+09:00 TRACE 2924 --- [http-nio-8080-exec-10] org.hibernate.orm.jdbc.bind              : binding parameter (1:BIGINT) <- [1]
2025-10-21T01:19:44.954+09:00 TRACE 2924 --- [http-nio-8080-exec-4] org.hibernate.orm.jdbc.bind              : binding parameter (1:BIGINT) <- [1]
2025-10-21T01:19:44.954+09:00  INFO 2924 --- [http-nio-8080-exec-5] d.t.h.g.a.a.ControllerLoggingAspect      : [RESPONSE] ShoppingCartController.getCartItemCount(..) | 처리시간: 2ms
2025-10-21T01:19:44.955+09:00  INFO 2924 --- [http-nio-8080-exec-4] d.t.h.g.a.a.ControllerLoggingAspect      : [REQUEST] GET /api/v1/notification/my/count? | 메서드: NotificationController.getMyNotificationRead(..) | 파라미터: [{role=customer, status=active, name=김상훈, id=1, phone=010-9472-8748, email=112615az@naver.com, userId=902d1ff2-6289-4e37-a9b5-a02912c59a8f, profileImageUrl=null}]
2025-10-21T01:19:44.955+09:00  INFO 2924 --- [http-nio-8080-exec-10] d.t.h.g.a.a.ControllerLoggingAspect      : [REQUEST] GET /api/v1/users/my? | 메서드: UserController.getMyInfo(..) | 파라미터: [{role=customer, status=active, name=김상훈, id=1, phone=010-9472-8748, email=112615az@naver.com, userId=902d1ff2-6289-4e37-a9b5-a02912c59a8f, profileImageUrl=null}]
2025-10-21T01:19:44.956+09:00 DEBUG 2924 --- [http-nio-8080-exec-10] org.hibernate.SQL                        : 
    select
        u1_0.name,
        u1_0.email,
        u1_0.user_id,
        u1_0.id,
        u1_0.role,
        u1_0.phone,
        u1_0.status,
        u1_0.point,
        pi1_0.url 
    from
        users u1_0 
    left join
        file pi1_0 
            on pi1_0.id=u1_0.file_id 
    where
        u1_0.id=?
2025-10-21T01:19:44.956+09:00 DEBUG 2924 --- [http-nio-8080-exec-4] org.hibernate.SQL                        : 
    select
        nre1_0.id,
        nre1_0.read_at,
        nre1_0.user_id 
    from
        notification_read nre1_0 
    left join
        users u1_0 
            on u1_0.id=nre1_0.user_id 
    where
        u1_0.id=?
2025-10-21T01:19:44.956+09:00 TRACE 2924 --- [http-nio-8080-exec-4] org.hibernate.orm.jdbc.bind              : binding parameter (1:BIGINT) <- [1]
2025-10-21T01:19:44.956+09:00 TRACE 2924 --- [http-nio-8080-exec-10] org.hibernate.orm.jdbc.bind              : binding parameter (1:BIGINT) <- [1]
2025-10-21T01:19:44.957+09:00  INFO 2924 --- [http-nio-8080-exec-10] d.t.h.g.a.a.ControllerLoggingAspect      : [RESPONSE] UserController.getMyInfo(..) | 처리시간: 2ms
2025-10-21T01:19:44.957+09:00 DEBUG 2924 --- [http-nio-8080-exec-4] org.hibernate.SQL                        : 
    select
        count(ne1_0.id) 
    from
        notification ne1_0 
    where
        ne1_0.user_id=? 
        or ne1_0.user_id is null
2025-10-21T01:19:44.957+09:00 TRACE 2924 --- [http-nio-8080-exec-4] org.hibernate.orm.jdbc.bind              : binding parameter (1:BIGINT) <- [1]
2025-10-21T01:19:44.957+09:00  INFO 2924 --- [http-nio-8080-exec-4] d.t.h.g.a.a.ControllerLoggingAspect      : [RESPONSE] NotificationController.getMyNotificationRead(..) | 처리시간: 2ms
2025-10-21T01:19:45.783+09:00  INFO 2924 --- [http-nio-8080-exec-8] d.t.h.g.a.a.ControllerLoggingAspect      : [REQUEST] POST /api/v1/auth/token? | 메서드: AuthController.reissueToken(..) | 파라미터: [eyJhbGciOiJIUzI1NiJ9.eyJzdWIiOiIxIiwiaWF0IjoxNzYwOTc3MTg0LCJleHAiOjcwNDY1MDA3Mjd9.FkEG5dOxEa2gUDrjWb0PQL1gzPMmYe-23q9U3vtbiSQ, org.springframework.web.context.request.async.StandardServletAsyncWebRequest$LifecycleHttpServletResponse@7c800531]
2025-10-21T01:19:45.790+09:00 DEBUG 2924 --- [http-nio-8080-exec-8] org.hibernate.SQL                        : 
    select
        u1_0.name,
        u1_0.email,
        u1_0.user_id,
        u1_0.id,
        u1_0.role,
        u1_0.status,
        pi1_0.url,
        u1_0.phone 
    from
        users u1_0 
    left join
        file pi1_0 
            on pi1_0.id=u1_0.file_id 
    where
        u1_0.id=?
2025-10-21T01:19:45.790+09:00 TRACE 2924 --- [http-nio-8080-exec-8] org.hibernate.orm.jdbc.bind              : binding parameter (1:BIGINT) <- [1]
2025-10-21T01:19:45.791+09:00  INFO 2924 --- [http-nio-8080-exec-8] d.t.h.global.core.provider.JwtProvider   : secret key: bdd56aeakt42eff83cb0et1bf0a9kber3bd56aea9642eff83cb0e2fb20d35b4e
2025-10-21T01:19:45.792+09:00  INFO 2924 --- [http-nio-8080-exec-8] d.t.h.global.core.provider.JwtProvider   : secret key: bdd56aeakt42eff83cb0et1bf0a9kber3bd56aea9642eff83cb0e2fb20d35b4e
2025-10-21T01:19:45.793+09:00  INFO 2924 --- [http-nio-8080-exec-8] d.t.h.g.a.a.ControllerLoggingAspect      : [RESPONSE] AuthController.reissueToken(..) | 처리시간: 10ms
2025-10-21T01:19:45.837+09:00  INFO 2924 --- [http-nio-8080-exec-9] d.t.h.global.core.provider.JwtProvider   : Claims: {sub={"name":"김상훈","id":1,"role":"customer","profileImageUrl":null,"status":"active","email":"112615az@naver.com","phone":"010-9472-8748","userId":"902d1ff2-6289-4e37-a9b5-a02912c59a8f"}, iat=1760977185, exp=1760980785}
2025-10-21T01:19:45.837+09:00  INFO 2924 --- [http-nio-8080-exec-2] d.t.h.global.core.provider.JwtProvider   : Claims: {sub={"name":"김상훈","id":1,"role":"customer","profileImageUrl":null,"status":"active","email":"112615az@naver.com","phone":"010-9472-8748","userId":"902d1ff2-6289-4e37-a9b5-a02912c59a8f"}, iat=1760977185, exp=1760980785}
2025-10-21T01:19:45.838+09:00  INFO 2924 --- [http-nio-8080-exec-3] d.t.h.global.core.provider.JwtProvider   : Claims: {sub={"name":"김상훈","id":1,"role":"customer","profileImageUrl":null,"status":"active","email":"112615az@naver.com","phone":"010-9472-8748","userId":"902d1ff2-6289-4e37-a9b5-a02912c59a8f"}, iat=1760977185, exp=1760980785}
